{
  "stats": {
    "suites": 1,
    "tests": 4,
    "passes": 4,
    "pending": 0,
    "failures": 0,
    "start": "2017-04-03T15:38:43.130Z",
    "end": "2017-04-03T15:38:53.390Z",
    "duration": 10260,
    "testsRegistered": 4,
    "passPercent": 100,
    "pendingPercent": 0,
    "other": 0,
    "hasOther": false,
    "skipped": 0,
    "hasSkipped": false,
    "passPercentClass": "success",
    "pendingPercentClass": "danger"
  },
  "suites": {
    "title": "",
    "suites": [
      {
        "title": "Contacts API unit tests",
        "suites": [],
        "tests": [
          {
            "title": "should return collection of JSON documents",
            "fullTitle": "Contacts API unit tests should return collection of JSON documents",
            "timedOut": false,
            "duration": 9001,
            "state": "passed",
            "speed": "slow",
            "pass": true,
            "fail": false,
            "pending": false,
            "code": "// calling home page api\n    (0, _supertest2.default)(_server.server).get(\"/api/contacts\").expect(\"Content-type\", /json/).expect(200) // THis is HTTP response\n    .end(function (err, res) {\n      // HTTP status should be 200\n      res.status.should.equal(200);\n      done();\n    });",
            "err": {},
            "isRoot": false,
            "uuid": "eb180172-d646-44d2-aa6e-09eb0d96d9e8",
            "parentUUID": "38cb2e3e-24d8-4aef-aac1-e7d3f7756841",
            "skipped": false
          },
          {
            "title": "should add a contact",
            "fullTitle": "Contacts API unit tests should add a contact",
            "timedOut": false,
            "duration": 700,
            "state": "passed",
            "speed": "slow",
            "pass": true,
            "fail": false,
            "pending": false,
            "code": "// post to /api/contacts\n    // calling home page api\n    (0, _supertest2.default)(_server.server).post('/api/contacts').send({ name: \"Contact 99\", address: \"123 Strand St\" }).expect(\"Content-type\", /json/).expect(201).end(function (err, res) {\n      res.status.should.equal(201);\n      res.body.contact.should.have.property('_id');\n      res.body.contact.name.should.equal('Contact 99');\n      done();\n    });",
            "err": {},
            "isRoot": false,
            "uuid": "c349fea0-0bce-41d1-94b4-d30e3441f132",
            "parentUUID": "38cb2e3e-24d8-4aef-aac1-e7d3f7756841",
            "skipped": false
          },
          {
            "title": "should add and delete contact 999",
            "fullTitle": "Contacts API unit tests should add and delete contact 999",
            "timedOut": false,
            "duration": 139,
            "state": "passed",
            "speed": "slow",
            "pass": true,
            "fail": false,
            "pending": false,
            "code": "// post to /api/contacts\n// calling home page api\nvar superserver = (0, _supertest2.default)(_server.server);\nsuperserver.get(\"/api/contacts\").expect(\"Content-type\", /json/).expect(200) // THis is HTTP response\n.end(function (err, res) {\n  var id = res.body[0]._id;\n  superserver.put(\"/api/contacts/\" + id).send({ name: \"Contact 999\", address: \"456 Strand St\" }).expect(\"Content-type\", /json/).expect(200) // THis is HTTP response\n  .end(function (err, res) {\n    superserver.delete(\"/api/contacts/\" + id).expect(\"Content-type\", /json/).expect(200) // THis is HTTP response\n    .end(function (err, res) {\n      res.body._id.should.equal(id);\n      res.body.name.should.equal(\"Contact 999\");\n      done();\n    });\n  });\n});",
            "err": {},
            "isRoot": false,
            "uuid": "315c16eb-fe72-4b52-adf2-1ce221797176",
            "parentUUID": "38cb2e3e-24d8-4aef-aac1-e7d3f7756841",
            "skipped": false
          },
          {
            "title": "should delete contact",
            "fullTitle": "Contacts API unit tests should delete contact",
            "timedOut": false,
            "duration": 53,
            "state": "passed",
            "speed": "medium",
            "pass": true,
            "fail": false,
            "pending": false,
            "code": "// post to /api/contacts\n// calling home page api\nvar superserver = (0, _supertest2.default)(_server.server);\nsuperserver.get(\"/api/contacts\").expect(\"Content-type\", /json/).expect(200) // THis is HTTP response\n.end(function (err, res) {\n  var id = res.body[0]._id;\n  superserver.delete(\"/api/contacts/\" + id).expect(\"Content-type\", /json/).expect(200) // THis is HTTP response\n  .end(function (err, res) {\n    res.body._id.should.equal(id);\n    res.body.should.have.property(\"name\");\n    done();\n  });\n});",
            "err": {},
            "isRoot": false,
            "uuid": "834d232e-0195-4ef1-ae7e-f45a956edd9c",
            "parentUUID": "38cb2e3e-24d8-4aef-aac1-e7d3f7756841",
            "skipped": false
          }
        ],
        "pending": [],
        "root": false,
        "_timeout": 120000,
        "file": "\\test\\testServer.js",
        "uuid": "38cb2e3e-24d8-4aef-aac1-e7d3f7756841",
        "fullFile": "C:\\repos\\enterprise-web-dev\\ewd_labs\\node_lab4\\test\\testServer.js",
        "passes": [
          {
            "title": "should return collection of JSON documents",
            "fullTitle": "Contacts API unit tests should return collection of JSON documents",
            "timedOut": false,
            "duration": 9001,
            "state": "passed",
            "speed": "slow",
            "pass": true,
            "fail": false,
            "pending": false,
            "code": "// calling home page api\n    (0, _supertest2.default)(_server.server).get(\"/api/contacts\").expect(\"Content-type\", /json/).expect(200) // THis is HTTP response\n    .end(function (err, res) {\n      // HTTP status should be 200\n      res.status.should.equal(200);\n      done();\n    });",
            "err": {},
            "isRoot": false,
            "uuid": "eb180172-d646-44d2-aa6e-09eb0d96d9e8",
            "parentUUID": "38cb2e3e-24d8-4aef-aac1-e7d3f7756841",
            "skipped": false
          },
          {
            "title": "should add a contact",
            "fullTitle": "Contacts API unit tests should add a contact",
            "timedOut": false,
            "duration": 700,
            "state": "passed",
            "speed": "slow",
            "pass": true,
            "fail": false,
            "pending": false,
            "code": "// post to /api/contacts\n    // calling home page api\n    (0, _supertest2.default)(_server.server).post('/api/contacts').send({ name: \"Contact 99\", address: \"123 Strand St\" }).expect(\"Content-type\", /json/).expect(201).end(function (err, res) {\n      res.status.should.equal(201);\n      res.body.contact.should.have.property('_id');\n      res.body.contact.name.should.equal('Contact 99');\n      done();\n    });",
            "err": {},
            "isRoot": false,
            "uuid": "c349fea0-0bce-41d1-94b4-d30e3441f132",
            "parentUUID": "38cb2e3e-24d8-4aef-aac1-e7d3f7756841",
            "skipped": false
          },
          {
            "title": "should add and delete contact 999",
            "fullTitle": "Contacts API unit tests should add and delete contact 999",
            "timedOut": false,
            "duration": 139,
            "state": "passed",
            "speed": "slow",
            "pass": true,
            "fail": false,
            "pending": false,
            "code": "// post to /api/contacts\n// calling home page api\nvar superserver = (0, _supertest2.default)(_server.server);\nsuperserver.get(\"/api/contacts\").expect(\"Content-type\", /json/).expect(200) // THis is HTTP response\n.end(function (err, res) {\n  var id = res.body[0]._id;\n  superserver.put(\"/api/contacts/\" + id).send({ name: \"Contact 999\", address: \"456 Strand St\" }).expect(\"Content-type\", /json/).expect(200) // THis is HTTP response\n  .end(function (err, res) {\n    superserver.delete(\"/api/contacts/\" + id).expect(\"Content-type\", /json/).expect(200) // THis is HTTP response\n    .end(function (err, res) {\n      res.body._id.should.equal(id);\n      res.body.name.should.equal(\"Contact 999\");\n      done();\n    });\n  });\n});",
            "err": {},
            "isRoot": false,
            "uuid": "315c16eb-fe72-4b52-adf2-1ce221797176",
            "parentUUID": "38cb2e3e-24d8-4aef-aac1-e7d3f7756841",
            "skipped": false
          },
          {
            "title": "should delete contact",
            "fullTitle": "Contacts API unit tests should delete contact",
            "timedOut": false,
            "duration": 53,
            "state": "passed",
            "speed": "medium",
            "pass": true,
            "fail": false,
            "pending": false,
            "code": "// post to /api/contacts\n// calling home page api\nvar superserver = (0, _supertest2.default)(_server.server);\nsuperserver.get(\"/api/contacts\").expect(\"Content-type\", /json/).expect(200) // THis is HTTP response\n.end(function (err, res) {\n  var id = res.body[0]._id;\n  superserver.delete(\"/api/contacts/\" + id).expect(\"Content-type\", /json/).expect(200) // THis is HTTP response\n  .end(function (err, res) {\n    res.body._id.should.equal(id);\n    res.body.should.have.property(\"name\");\n    done();\n  });\n});",
            "err": {},
            "isRoot": false,
            "uuid": "834d232e-0195-4ef1-ae7e-f45a956edd9c",
            "parentUUID": "38cb2e3e-24d8-4aef-aac1-e7d3f7756841",
            "skipped": false
          }
        ],
        "failures": [],
        "skipped": [],
        "hasTests": true,
        "hasSuites": false,
        "totalTests": 4,
        "totalPasses": 4,
        "totalFailures": 0,
        "totalPending": 0,
        "totalSkipped": 0,
        "hasPasses": true,
        "hasFailures": false,
        "hasPending": false,
        "hasSkipped": false,
        "duration": 9893,
        "rootEmpty": false
      }
    ],
    "tests": [],
    "pending": [],
    "root": true,
    "_timeout": 2000,
    "uuid": "32cee1f3-34d9-41fa-94aa-5e8c141ddf0b",
    "fullFile": "",
    "file": "",
    "passes": [],
    "failures": [],
    "skipped": [],
    "hasTests": false,
    "hasSuites": true,
    "totalTests": 0,
    "totalPasses": 0,
    "totalFailures": 0,
    "totalPending": 0,
    "totalSkipped": 0,
    "hasPasses": false,
    "hasFailures": false,
    "hasPending": false,
    "hasSkipped": false,
    "duration": 0,
    "rootEmpty": true
  },
  "allTests": [
    {
      "title": "should return collection of JSON documents",
      "fullTitle": "Contacts API unit tests should return collection of JSON documents",
      "timedOut": false,
      "duration": 9001,
      "state": "passed",
      "speed": "slow",
      "pass": true,
      "fail": false,
      "pending": false,
      "code": "// calling home page api\n    (0, _supertest2.default)(_server.server).get(\"/api/contacts\").expect(\"Content-type\", /json/).expect(200) // THis is HTTP response\n    .end(function (err, res) {\n      // HTTP status should be 200\n      res.status.should.equal(200);\n      done();\n    });",
      "err": {},
      "isRoot": false,
      "uuid": "eb180172-d646-44d2-aa6e-09eb0d96d9e8",
      "parentUUID": "38cb2e3e-24d8-4aef-aac1-e7d3f7756841",
      "skipped": false
    },
    {
      "title": "should add a contact",
      "fullTitle": "Contacts API unit tests should add a contact",
      "timedOut": false,
      "duration": 700,
      "state": "passed",
      "speed": "slow",
      "pass": true,
      "fail": false,
      "pending": false,
      "code": "// post to /api/contacts\n    // calling home page api\n    (0, _supertest2.default)(_server.server).post('/api/contacts').send({ name: \"Contact 99\", address: \"123 Strand St\" }).expect(\"Content-type\", /json/).expect(201).end(function (err, res) {\n      res.status.should.equal(201);\n      res.body.contact.should.have.property('_id');\n      res.body.contact.name.should.equal('Contact 99');\n      done();\n    });",
      "err": {},
      "isRoot": false,
      "uuid": "c349fea0-0bce-41d1-94b4-d30e3441f132",
      "parentUUID": "38cb2e3e-24d8-4aef-aac1-e7d3f7756841",
      "skipped": false
    },
    {
      "title": "should add and delete contact 999",
      "fullTitle": "Contacts API unit tests should add and delete contact 999",
      "timedOut": false,
      "duration": 139,
      "state": "passed",
      "speed": "slow",
      "pass": true,
      "fail": false,
      "pending": false,
      "code": "// post to /api/contacts\n// calling home page api\nvar superserver = (0, _supertest2.default)(_server.server);\nsuperserver.get(\"/api/contacts\").expect(\"Content-type\", /json/).expect(200) // THis is HTTP response\n.end(function (err, res) {\n  var id = res.body[0]._id;\n  superserver.put(\"/api/contacts/\" + id).send({ name: \"Contact 999\", address: \"456 Strand St\" }).expect(\"Content-type\", /json/).expect(200) // THis is HTTP response\n  .end(function (err, res) {\n    superserver.delete(\"/api/contacts/\" + id).expect(\"Content-type\", /json/).expect(200) // THis is HTTP response\n    .end(function (err, res) {\n      res.body._id.should.equal(id);\n      res.body.name.should.equal(\"Contact 999\");\n      done();\n    });\n  });\n});",
      "err": {},
      "isRoot": false,
      "uuid": "315c16eb-fe72-4b52-adf2-1ce221797176",
      "parentUUID": "38cb2e3e-24d8-4aef-aac1-e7d3f7756841",
      "skipped": false
    },
    {
      "title": "should delete contact",
      "fullTitle": "Contacts API unit tests should delete contact",
      "timedOut": false,
      "duration": 53,
      "state": "passed",
      "speed": "medium",
      "pass": true,
      "fail": false,
      "pending": false,
      "code": "// post to /api/contacts\n// calling home page api\nvar superserver = (0, _supertest2.default)(_server.server);\nsuperserver.get(\"/api/contacts\").expect(\"Content-type\", /json/).expect(200) // THis is HTTP response\n.end(function (err, res) {\n  var id = res.body[0]._id;\n  superserver.delete(\"/api/contacts/\" + id).expect(\"Content-type\", /json/).expect(200) // THis is HTTP response\n  .end(function (err, res) {\n    res.body._id.should.equal(id);\n    res.body.should.have.property(\"name\");\n    done();\n  });\n});",
      "err": {},
      "isRoot": false,
      "uuid": "834d232e-0195-4ef1-ae7e-f45a956edd9c",
      "parentUUID": "38cb2e3e-24d8-4aef-aac1-e7d3f7756841",
      "skipped": false
    }
  ],
  "allPending": [],
  "allPasses": [
    {
      "title": "should return collection of JSON documents",
      "fullTitle": "Contacts API unit tests should return collection of JSON documents",
      "timedOut": false,
      "duration": 9001,
      "state": "passed",
      "speed": "slow",
      "pass": true,
      "fail": false,
      "pending": false,
      "code": "// calling home page api\n    (0, _supertest2.default)(_server.server).get(\"/api/contacts\").expect(\"Content-type\", /json/).expect(200) // THis is HTTP response\n    .end(function (err, res) {\n      // HTTP status should be 200\n      res.status.should.equal(200);\n      done();\n    });",
      "err": {},
      "isRoot": false,
      "uuid": "eb180172-d646-44d2-aa6e-09eb0d96d9e8",
      "parentUUID": "38cb2e3e-24d8-4aef-aac1-e7d3f7756841",
      "skipped": false
    },
    {
      "title": "should add a contact",
      "fullTitle": "Contacts API unit tests should add a contact",
      "timedOut": false,
      "duration": 700,
      "state": "passed",
      "speed": "slow",
      "pass": true,
      "fail": false,
      "pending": false,
      "code": "// post to /api/contacts\n    // calling home page api\n    (0, _supertest2.default)(_server.server).post('/api/contacts').send({ name: \"Contact 99\", address: \"123 Strand St\" }).expect(\"Content-type\", /json/).expect(201).end(function (err, res) {\n      res.status.should.equal(201);\n      res.body.contact.should.have.property('_id');\n      res.body.contact.name.should.equal('Contact 99');\n      done();\n    });",
      "err": {},
      "isRoot": false,
      "uuid": "c349fea0-0bce-41d1-94b4-d30e3441f132",
      "parentUUID": "38cb2e3e-24d8-4aef-aac1-e7d3f7756841",
      "skipped": false
    },
    {
      "title": "should add and delete contact 999",
      "fullTitle": "Contacts API unit tests should add and delete contact 999",
      "timedOut": false,
      "duration": 139,
      "state": "passed",
      "speed": "slow",
      "pass": true,
      "fail": false,
      "pending": false,
      "code": "// post to /api/contacts\n// calling home page api\nvar superserver = (0, _supertest2.default)(_server.server);\nsuperserver.get(\"/api/contacts\").expect(\"Content-type\", /json/).expect(200) // THis is HTTP response\n.end(function (err, res) {\n  var id = res.body[0]._id;\n  superserver.put(\"/api/contacts/\" + id).send({ name: \"Contact 999\", address: \"456 Strand St\" }).expect(\"Content-type\", /json/).expect(200) // THis is HTTP response\n  .end(function (err, res) {\n    superserver.delete(\"/api/contacts/\" + id).expect(\"Content-type\", /json/).expect(200) // THis is HTTP response\n    .end(function (err, res) {\n      res.body._id.should.equal(id);\n      res.body.name.should.equal(\"Contact 999\");\n      done();\n    });\n  });\n});",
      "err": {},
      "isRoot": false,
      "uuid": "315c16eb-fe72-4b52-adf2-1ce221797176",
      "parentUUID": "38cb2e3e-24d8-4aef-aac1-e7d3f7756841",
      "skipped": false
    },
    {
      "title": "should delete contact",
      "fullTitle": "Contacts API unit tests should delete contact",
      "timedOut": false,
      "duration": 53,
      "state": "passed",
      "speed": "medium",
      "pass": true,
      "fail": false,
      "pending": false,
      "code": "// post to /api/contacts\n// calling home page api\nvar superserver = (0, _supertest2.default)(_server.server);\nsuperserver.get(\"/api/contacts\").expect(\"Content-type\", /json/).expect(200) // THis is HTTP response\n.end(function (err, res) {\n  var id = res.body[0]._id;\n  superserver.delete(\"/api/contacts/\" + id).expect(\"Content-type\", /json/).expect(200) // THis is HTTP response\n  .end(function (err, res) {\n    res.body._id.should.equal(id);\n    res.body.should.have.property(\"name\");\n    done();\n  });\n});",
      "err": {},
      "isRoot": false,
      "uuid": "834d232e-0195-4ef1-ae7e-f45a956edd9c",
      "parentUUID": "38cb2e3e-24d8-4aef-aac1-e7d3f7756841",
      "skipped": false
    }
  ],
  "allFailures": [],
  "copyrightYear": 2017
}