{
  "stats": {
    "suites": 1,
    "tests": 4,
    "passes": 4,
    "pending": 0,
    "failures": 0,
    "start": "2017-03-28T15:46:45.579Z",
    "end": "2017-03-28T15:46:50.031Z",
    "duration": 4452,
    "testsRegistered": 4,
    "passPercent": 100,
    "pendingPercent": 0,
    "other": 0,
    "hasOther": false,
    "skipped": 0,
    "hasSkipped": false,
    "passPercentClass": "success",
    "pendingPercentClass": "danger"
  },
  "suites": {
    "title": "",
    "suites": [
      {
        "title": "Contacts API unit tests",
        "suites": [],
        "tests": [
          {
            "title": "should return collection of JSON documents",
            "fullTitle": "Contacts API unit tests should return collection of JSON documents",
            "timedOut": false,
            "duration": 4202,
            "state": "passed",
            "speed": "slow",
            "pass": true,
            "fail": false,
            "pending": false,
            "code": "// calling home page api\n    (0, _supertest2.default)(_server.server).get(\"/api/contacts\").expect(\"Content-type\", /json/).expect(200) // THis is HTTP response\n    .end(function (err, res) {\n      // HTTP status should be 200\n      res.status.should.equal(200);\n      done();\n    });",
            "err": {},
            "isRoot": false,
            "uuid": "72d94426-af57-44db-ac71-1e3d8c51d01b",
            "parentUUID": "8514b0fd-b1cc-4e42-add4-d3568110c193",
            "skipped": false
          },
          {
            "title": "should add a contact",
            "fullTitle": "Contacts API unit tests should add a contact",
            "timedOut": false,
            "duration": 94,
            "state": "passed",
            "speed": "slow",
            "pass": true,
            "fail": false,
            "pending": false,
            "code": "// post to /api/contacts\n    // calling home page api\n    (0, _supertest2.default)(_server.server).post('/api/contacts').send({ name: \"Contact 99\", address: \"123 Strand St\" }).expect(\"Content-type\", /json/).expect(201).end(function (err, res) {\n      res.status.should.equal(201);\n      res.body.contact.should.have.property('_id');\n      res.body.contact.name.should.equal('Contact 99');\n      done();\n    });",
            "err": {},
            "isRoot": false,
            "uuid": "6c1a4605-b3cb-45c5-b2d0-8e6f90eba046",
            "parentUUID": "8514b0fd-b1cc-4e42-add4-d3568110c193",
            "skipped": false
          },
          {
            "title": "should add and delete contact 999",
            "fullTitle": "Contacts API unit tests should add and delete contact 999",
            "timedOut": false,
            "duration": 37,
            "state": "passed",
            "speed": "fast",
            "pass": true,
            "fail": false,
            "pending": false,
            "code": "// post to /api/contacts\n// calling home page api\nvar superserver = (0, _supertest2.default)(_server.server);\nsuperserver.get(\"/api/contacts\").expect(\"Content-type\", /json/).expect(200) // THis is HTTP response\n.end(function (err, res) {\n  var id = res.body[0]._id;\n  superserver.put(\"/api/contacts/\" + id).send({ name: \"Contact 999\", address: \"456 Strand St\" }).expect(\"Content-type\", /json/).expect(200) // THis is HTTP response\n  .end(function (err, res) {\n    superserver.delete(\"/api/contacts/\" + id).expect(\"Content-type\", /json/).expect(200) // THis is HTTP response\n    .end(function (err, res) {\n      res.body._id.should.equal(id);\n      res.body.name.should.equal(\"Contact 999\");\n      done();\n    });\n  });\n});",
            "err": {},
            "isRoot": false,
            "uuid": "d4bbd97e-46da-4863-9a61-9977fb308ce0",
            "parentUUID": "8514b0fd-b1cc-4e42-add4-d3568110c193",
            "skipped": false
          },
          {
            "title": "should delete contact",
            "fullTitle": "Contacts API unit tests should delete contact",
            "timedOut": false,
            "duration": 15,
            "state": "passed",
            "speed": "fast",
            "pass": true,
            "fail": false,
            "pending": false,
            "code": "// post to /api/contacts\n// calling home page api\nvar superserver = (0, _supertest2.default)(_server.server);\nsuperserver.get(\"/api/contacts\").expect(\"Content-type\", /json/).expect(200) // THis is HTTP response\n.end(function (err, res) {\n  var id = res.body[0]._id;\n  superserver.delete(\"/api/contacts/\" + id).expect(\"Content-type\", /json/).expect(200) // THis is HTTP response\n  .end(function (err, res) {\n    res.body._id.should.equal(id);\n    res.body.should.have.property(\"name\");\n    done();\n  });\n});",
            "err": {},
            "isRoot": false,
            "uuid": "2647c013-d674-4713-a00e-043416ad78bf",
            "parentUUID": "8514b0fd-b1cc-4e42-add4-d3568110c193",
            "skipped": false
          }
        ],
        "pending": [],
        "root": false,
        "_timeout": 120000,
        "file": "\\test\\testServer.js",
        "uuid": "8514b0fd-b1cc-4e42-add4-d3568110c193",
        "fullFile": "C:\\repos\\enterprise-web-dev\\ewd_labs_2017\\node_lab4\\test\\testServer.js",
        "passes": [
          {
            "title": "should return collection of JSON documents",
            "fullTitle": "Contacts API unit tests should return collection of JSON documents",
            "timedOut": false,
            "duration": 4202,
            "state": "passed",
            "speed": "slow",
            "pass": true,
            "fail": false,
            "pending": false,
            "code": "// calling home page api\n    (0, _supertest2.default)(_server.server).get(\"/api/contacts\").expect(\"Content-type\", /json/).expect(200) // THis is HTTP response\n    .end(function (err, res) {\n      // HTTP status should be 200\n      res.status.should.equal(200);\n      done();\n    });",
            "err": {},
            "isRoot": false,
            "uuid": "72d94426-af57-44db-ac71-1e3d8c51d01b",
            "parentUUID": "8514b0fd-b1cc-4e42-add4-d3568110c193",
            "skipped": false
          },
          {
            "title": "should add a contact",
            "fullTitle": "Contacts API unit tests should add a contact",
            "timedOut": false,
            "duration": 94,
            "state": "passed",
            "speed": "slow",
            "pass": true,
            "fail": false,
            "pending": false,
            "code": "// post to /api/contacts\n    // calling home page api\n    (0, _supertest2.default)(_server.server).post('/api/contacts').send({ name: \"Contact 99\", address: \"123 Strand St\" }).expect(\"Content-type\", /json/).expect(201).end(function (err, res) {\n      res.status.should.equal(201);\n      res.body.contact.should.have.property('_id');\n      res.body.contact.name.should.equal('Contact 99');\n      done();\n    });",
            "err": {},
            "isRoot": false,
            "uuid": "6c1a4605-b3cb-45c5-b2d0-8e6f90eba046",
            "parentUUID": "8514b0fd-b1cc-4e42-add4-d3568110c193",
            "skipped": false
          },
          {
            "title": "should add and delete contact 999",
            "fullTitle": "Contacts API unit tests should add and delete contact 999",
            "timedOut": false,
            "duration": 37,
            "state": "passed",
            "speed": "fast",
            "pass": true,
            "fail": false,
            "pending": false,
            "code": "// post to /api/contacts\n// calling home page api\nvar superserver = (0, _supertest2.default)(_server.server);\nsuperserver.get(\"/api/contacts\").expect(\"Content-type\", /json/).expect(200) // THis is HTTP response\n.end(function (err, res) {\n  var id = res.body[0]._id;\n  superserver.put(\"/api/contacts/\" + id).send({ name: \"Contact 999\", address: \"456 Strand St\" }).expect(\"Content-type\", /json/).expect(200) // THis is HTTP response\n  .end(function (err, res) {\n    superserver.delete(\"/api/contacts/\" + id).expect(\"Content-type\", /json/).expect(200) // THis is HTTP response\n    .end(function (err, res) {\n      res.body._id.should.equal(id);\n      res.body.name.should.equal(\"Contact 999\");\n      done();\n    });\n  });\n});",
            "err": {},
            "isRoot": false,
            "uuid": "d4bbd97e-46da-4863-9a61-9977fb308ce0",
            "parentUUID": "8514b0fd-b1cc-4e42-add4-d3568110c193",
            "skipped": false
          },
          {
            "title": "should delete contact",
            "fullTitle": "Contacts API unit tests should delete contact",
            "timedOut": false,
            "duration": 15,
            "state": "passed",
            "speed": "fast",
            "pass": true,
            "fail": false,
            "pending": false,
            "code": "// post to /api/contacts\n// calling home page api\nvar superserver = (0, _supertest2.default)(_server.server);\nsuperserver.get(\"/api/contacts\").expect(\"Content-type\", /json/).expect(200) // THis is HTTP response\n.end(function (err, res) {\n  var id = res.body[0]._id;\n  superserver.delete(\"/api/contacts/\" + id).expect(\"Content-type\", /json/).expect(200) // THis is HTTP response\n  .end(function (err, res) {\n    res.body._id.should.equal(id);\n    res.body.should.have.property(\"name\");\n    done();\n  });\n});",
            "err": {},
            "isRoot": false,
            "uuid": "2647c013-d674-4713-a00e-043416ad78bf",
            "parentUUID": "8514b0fd-b1cc-4e42-add4-d3568110c193",
            "skipped": false
          }
        ],
        "failures": [],
        "skipped": [],
        "hasTests": true,
        "hasSuites": false,
        "totalTests": 4,
        "totalPasses": 4,
        "totalFailures": 0,
        "totalPending": 0,
        "totalSkipped": 0,
        "hasPasses": true,
        "hasFailures": false,
        "hasPending": false,
        "hasSkipped": false,
        "duration": 4348,
        "rootEmpty": false
      }
    ],
    "tests": [],
    "pending": [],
    "root": true,
    "_timeout": 2000,
    "uuid": "90342d1f-f814-431c-91c4-66a0e0ed317b",
    "fullFile": "",
    "file": "",
    "passes": [],
    "failures": [],
    "skipped": [],
    "hasTests": false,
    "hasSuites": true,
    "totalTests": 0,
    "totalPasses": 0,
    "totalFailures": 0,
    "totalPending": 0,
    "totalSkipped": 0,
    "hasPasses": false,
    "hasFailures": false,
    "hasPending": false,
    "hasSkipped": false,
    "duration": 0,
    "rootEmpty": true
  },
  "allTests": [
    {
      "title": "should return collection of JSON documents",
      "fullTitle": "Contacts API unit tests should return collection of JSON documents",
      "timedOut": false,
      "duration": 4202,
      "state": "passed",
      "speed": "slow",
      "pass": true,
      "fail": false,
      "pending": false,
      "code": "// calling home page api\n    (0, _supertest2.default)(_server.server).get(\"/api/contacts\").expect(\"Content-type\", /json/).expect(200) // THis is HTTP response\n    .end(function (err, res) {\n      // HTTP status should be 200\n      res.status.should.equal(200);\n      done();\n    });",
      "err": {},
      "isRoot": false,
      "uuid": "72d94426-af57-44db-ac71-1e3d8c51d01b",
      "parentUUID": "8514b0fd-b1cc-4e42-add4-d3568110c193",
      "skipped": false
    },
    {
      "title": "should add a contact",
      "fullTitle": "Contacts API unit tests should add a contact",
      "timedOut": false,
      "duration": 94,
      "state": "passed",
      "speed": "slow",
      "pass": true,
      "fail": false,
      "pending": false,
      "code": "// post to /api/contacts\n    // calling home page api\n    (0, _supertest2.default)(_server.server).post('/api/contacts').send({ name: \"Contact 99\", address: \"123 Strand St\" }).expect(\"Content-type\", /json/).expect(201).end(function (err, res) {\n      res.status.should.equal(201);\n      res.body.contact.should.have.property('_id');\n      res.body.contact.name.should.equal('Contact 99');\n      done();\n    });",
      "err": {},
      "isRoot": false,
      "uuid": "6c1a4605-b3cb-45c5-b2d0-8e6f90eba046",
      "parentUUID": "8514b0fd-b1cc-4e42-add4-d3568110c193",
      "skipped": false
    },
    {
      "title": "should add and delete contact 999",
      "fullTitle": "Contacts API unit tests should add and delete contact 999",
      "timedOut": false,
      "duration": 37,
      "state": "passed",
      "speed": "fast",
      "pass": true,
      "fail": false,
      "pending": false,
      "code": "// post to /api/contacts\n// calling home page api\nvar superserver = (0, _supertest2.default)(_server.server);\nsuperserver.get(\"/api/contacts\").expect(\"Content-type\", /json/).expect(200) // THis is HTTP response\n.end(function (err, res) {\n  var id = res.body[0]._id;\n  superserver.put(\"/api/contacts/\" + id).send({ name: \"Contact 999\", address: \"456 Strand St\" }).expect(\"Content-type\", /json/).expect(200) // THis is HTTP response\n  .end(function (err, res) {\n    superserver.delete(\"/api/contacts/\" + id).expect(\"Content-type\", /json/).expect(200) // THis is HTTP response\n    .end(function (err, res) {\n      res.body._id.should.equal(id);\n      res.body.name.should.equal(\"Contact 999\");\n      done();\n    });\n  });\n});",
      "err": {},
      "isRoot": false,
      "uuid": "d4bbd97e-46da-4863-9a61-9977fb308ce0",
      "parentUUID": "8514b0fd-b1cc-4e42-add4-d3568110c193",
      "skipped": false
    },
    {
      "title": "should delete contact",
      "fullTitle": "Contacts API unit tests should delete contact",
      "timedOut": false,
      "duration": 15,
      "state": "passed",
      "speed": "fast",
      "pass": true,
      "fail": false,
      "pending": false,
      "code": "// post to /api/contacts\n// calling home page api\nvar superserver = (0, _supertest2.default)(_server.server);\nsuperserver.get(\"/api/contacts\").expect(\"Content-type\", /json/).expect(200) // THis is HTTP response\n.end(function (err, res) {\n  var id = res.body[0]._id;\n  superserver.delete(\"/api/contacts/\" + id).expect(\"Content-type\", /json/).expect(200) // THis is HTTP response\n  .end(function (err, res) {\n    res.body._id.should.equal(id);\n    res.body.should.have.property(\"name\");\n    done();\n  });\n});",
      "err": {},
      "isRoot": false,
      "uuid": "2647c013-d674-4713-a00e-043416ad78bf",
      "parentUUID": "8514b0fd-b1cc-4e42-add4-d3568110c193",
      "skipped": false
    }
  ],
  "allPending": [],
  "allPasses": [
    {
      "title": "should return collection of JSON documents",
      "fullTitle": "Contacts API unit tests should return collection of JSON documents",
      "timedOut": false,
      "duration": 4202,
      "state": "passed",
      "speed": "slow",
      "pass": true,
      "fail": false,
      "pending": false,
      "code": "// calling home page api\n    (0, _supertest2.default)(_server.server).get(\"/api/contacts\").expect(\"Content-type\", /json/).expect(200) // THis is HTTP response\n    .end(function (err, res) {\n      // HTTP status should be 200\n      res.status.should.equal(200);\n      done();\n    });",
      "err": {},
      "isRoot": false,
      "uuid": "72d94426-af57-44db-ac71-1e3d8c51d01b",
      "parentUUID": "8514b0fd-b1cc-4e42-add4-d3568110c193",
      "skipped": false
    },
    {
      "title": "should add a contact",
      "fullTitle": "Contacts API unit tests should add a contact",
      "timedOut": false,
      "duration": 94,
      "state": "passed",
      "speed": "slow",
      "pass": true,
      "fail": false,
      "pending": false,
      "code": "// post to /api/contacts\n    // calling home page api\n    (0, _supertest2.default)(_server.server).post('/api/contacts').send({ name: \"Contact 99\", address: \"123 Strand St\" }).expect(\"Content-type\", /json/).expect(201).end(function (err, res) {\n      res.status.should.equal(201);\n      res.body.contact.should.have.property('_id');\n      res.body.contact.name.should.equal('Contact 99');\n      done();\n    });",
      "err": {},
      "isRoot": false,
      "uuid": "6c1a4605-b3cb-45c5-b2d0-8e6f90eba046",
      "parentUUID": "8514b0fd-b1cc-4e42-add4-d3568110c193",
      "skipped": false
    },
    {
      "title": "should add and delete contact 999",
      "fullTitle": "Contacts API unit tests should add and delete contact 999",
      "timedOut": false,
      "duration": 37,
      "state": "passed",
      "speed": "fast",
      "pass": true,
      "fail": false,
      "pending": false,
      "code": "// post to /api/contacts\n// calling home page api\nvar superserver = (0, _supertest2.default)(_server.server);\nsuperserver.get(\"/api/contacts\").expect(\"Content-type\", /json/).expect(200) // THis is HTTP response\n.end(function (err, res) {\n  var id = res.body[0]._id;\n  superserver.put(\"/api/contacts/\" + id).send({ name: \"Contact 999\", address: \"456 Strand St\" }).expect(\"Content-type\", /json/).expect(200) // THis is HTTP response\n  .end(function (err, res) {\n    superserver.delete(\"/api/contacts/\" + id).expect(\"Content-type\", /json/).expect(200) // THis is HTTP response\n    .end(function (err, res) {\n      res.body._id.should.equal(id);\n      res.body.name.should.equal(\"Contact 999\");\n      done();\n    });\n  });\n});",
      "err": {},
      "isRoot": false,
      "uuid": "d4bbd97e-46da-4863-9a61-9977fb308ce0",
      "parentUUID": "8514b0fd-b1cc-4e42-add4-d3568110c193",
      "skipped": false
    },
    {
      "title": "should delete contact",
      "fullTitle": "Contacts API unit tests should delete contact",
      "timedOut": false,
      "duration": 15,
      "state": "passed",
      "speed": "fast",
      "pass": true,
      "fail": false,
      "pending": false,
      "code": "// post to /api/contacts\n// calling home page api\nvar superserver = (0, _supertest2.default)(_server.server);\nsuperserver.get(\"/api/contacts\").expect(\"Content-type\", /json/).expect(200) // THis is HTTP response\n.end(function (err, res) {\n  var id = res.body[0]._id;\n  superserver.delete(\"/api/contacts/\" + id).expect(\"Content-type\", /json/).expect(200) // THis is HTTP response\n  .end(function (err, res) {\n    res.body._id.should.equal(id);\n    res.body.should.have.property(\"name\");\n    done();\n  });\n});",
      "err": {},
      "isRoot": false,
      "uuid": "2647c013-d674-4713-a00e-043416ad78bf",
      "parentUUID": "8514b0fd-b1cc-4e42-add4-d3568110c193",
      "skipped": false
    }
  ],
  "allFailures": [],
  "copyrightYear": 2017
}